#
# There is insufficient memory for the Java Runtime Environment to continue.
# Native memory allocation (mmap) failed to map 132120576 bytes for Failed to commit area from 0x0000000082400000 to 0x000000008a200000 of length 132120576.
# Possible reasons:
#   The system is out of physical RAM or swap space
#   The process is running with CompressedOops enabled, and the Java Heap may be blocking the growth of the native heap
# Possible solutions:
#   Reduce memory load on the system
#   Increase physical memory or swap space
#   Check if swap backing store is full
#   Decrease Java heap size (-Xmx/-Xms)
#   Decrease number of Java threads
#   Decrease Java thread stack sizes (-Xss)
#   Set larger code cache with -XX:ReservedCodeCacheSize=
# This output file may be truncated or incomplete.
#
#  Out of Memory Error (./src/hotspot/os/windows/os_windows.cpp:3380), pid=3424, tid=10140
#
# JRE version:  (11.0.12+7) (build )
# Java VM: OpenJDK 64-Bit Server VM (11.0.12+7, mixed mode, sharing, tiered, compressed oops, g1 gc, windows-amd64)
# No core dump will be written. Minidumps are not enabled by default on client versions of Windows
#

---------------  S U M M A R Y ------------

Command Line: 

Host: Intel(R) Core(TM) i7-8565U CPU @ 1.80GHz, 8 cores, 7G,  Windows 10 , 64 bit Build 19041 (10.0.19041.1645)
Time: Fri May  6 15:55:29 2022 Jerusalem Daylight Time elapsed time: 0.019607 seconds (0d 0h 0m 0s)

---------------  T H R E A D  ---------------

Current thread (0x00000281e055f000):  JavaThread "Unknown thread" [_thread_in_vm, id=10140, stack(0x000000e233700000,0x000000e233800000)]

Stack: [0x000000e233700000,0x000000e233800000]
Native frames: (J=compiled Java code, j=interpreted, Vv=VM code, C=native code)
V  [jvm.dll+0x6090fa]
V  [jvm.dll+0x79229e]
V  [jvm.dll+0x79396f]
V  [jvm.dll+0x794033]
V  [jvm.dll+0x24bed8]
V  [jvm.dll+0x60624a]
V  [jvm.dll+0x5facf5]
V  [jvm.dll+0x303b5c]
V  [jvm.dll+0x3039e2]
V  [jvm.dll+0x308706]
V  [jvm.dll+0x34d5cf]
V  [jvm.dll+0x34d000]
V  [jvm.dll+0x2e0c68]
V  [jvm.dll+0x2e1dc6]
V  [jvm.dll+0x76d627]
V  [jvm.dll+0x76edaf]
V  [jvm.dll+0x35a359]
V  [jvm.dll+0x750710]
V  [jvm.dll+0x3c1f8f]
V  [jvm.dll+0x3c4461]
C  [jli.dll+0x5207]
C  [ucrtbase.dll+0x21bb2]
C  [KERNEL32.DLL+0x17034]
C  [ntdll.dll+0x52651]


---------------  P R O C E S S  ---------------

Threads class SMR info:
_java_thread_list=0x00000281de4bea90, length=0, elements={
}

Java Threads: ( => current thread )

Other Threads:
  0x00000281e0574000 GCTaskThread "GC Thread#0" [stack: 0x000000e233800000,0x000000e233900000] [id=17204]
  0x00000281e05a7000 ConcurrentGCThread "G1 Main Marker" [stack: 0x000000e233900000,0x000000e233a00000] [id=20524]
  0x00000281e05a8800 ConcurrentGCThread "G1 Conc#0" [stack: 0x000000e233a00000,0x000000e233b00000] [id=9852]

[error occurred during error reporting (printing all threads), id 0xc0000005, EXCEPTION_ACCESS_VIOLATION (0xc0000005) at pc=0x00007ffb2df20337]

VM state:not at safepoint (not fully initialized)

VM Mutex/Monitor currently owned by a thread:  ([mutex/lock_event])
[0x00000281e055a6f0] Heap_lock - owner thread: 0x00000281e055f000

Heap address: 0x0000000082400000, size: 2012 MB, Compressed Oops mode: Non-zero based: 0x0000000082400000
Narrow klass base: 0x0000000000000000, Narrow klass shift: 0

GC Heap History (0 events):
No events

Deoptimization events (0 events):
No events

Classes redefined (0 events):
No events

Internal exceptions (0 events):
No events

Events (1 events):
Event: 0.008 Loaded shared library C:\Program Files\Microsoft\jdk-11.0.12.7-hotspot\bin\zip.dll


Dynamic libraries:
0x00007ff64bca0000 - 0x00007ff64bcad000 	C:\Program Files\Microsoft\jdk-11.0.12.7-hotspot\bin\java.EXE
0x00007ffbff370000 - 0x00007ffbff565000 	C:\WINDOWS\SYSTEM32\ntdll.dll
0x00007ffbff060000 - 0x00007ffbff11e000 	C:\WINDOWS\System32\KERNEL32.DLL
0x00007ffbfd060000 - 0x00007ffbfd328000 	C:\WINDOWS\System32\KERNELBASE.dll
0x00007ffbfcc40000 - 0x00007ffbfcd40000 	C:\WINDOWS\System32\ucrtbase.dll
0x00007ffbc7030000 - 0x00007ffbc7047000 	C:\Program Files\Microsoft\jdk-11.0.12.7-hotspot\bin\jli.dll
0x00007ffbfe250000 - 0x00007ffbfe3f0000 	C:\WINDOWS\System32\USER32.dll
0x00007ffbfcf00000 - 0x00007ffbfcf22000 	C:\WINDOWS\System32\win32u.dll
0x00007ffbfeee0000 - 0x00007ffbfef0a000 	C:\WINDOWS\System32\GDI32.dll
0x00007ffbfcdf0000 - 0x00007ffbfcefb000 	C:\WINDOWS\System32\gdi32full.dll
0x00007ffbec210000 - 0x00007ffbec4aa000 	C:\WINDOWS\WinSxS\amd64_microsoft.windows.common-controls_6595b64144ccf1df_6.0.19041.1110_none_60b5254171f9507e\COMCTL32.dll
0x00007ffbfd330000 - 0x00007ffbfd3cd000 	C:\WINDOWS\System32\msvcp_win.dll
0x00007ffbfef40000 - 0x00007ffbfefde000 	C:\WINDOWS\System32\msvcrt.dll
0x00007ffbd0590000 - 0x00007ffbd05a5000 	C:\Program Files\Microsoft\jdk-11.0.12.7-hotspot\bin\VCRUNTIME140.dll
0x00007ffbfef10000 - 0x00007ffbfef40000 	C:\WINDOWS\System32\IMM32.DLL
0x00007ffb5f4c0000 - 0x00007ffb5f55b000 	C:\Program Files\Microsoft\jdk-11.0.12.7-hotspot\bin\msvcp140.dll
0x00007ffb2dc30000 - 0x00007ffb2e791000 	C:\Program Files\Microsoft\jdk-11.0.12.7-hotspot\bin\server\jvm.dll
0x00007ffbfe6e0000 - 0x00007ffbfe78e000 	C:\WINDOWS\System32\ADVAPI32.dll
0x00007ffbfddc0000 - 0x00007ffbfde5c000 	C:\WINDOWS\System32\sechost.dll
0x00007ffbfe400000 - 0x00007ffbfe525000 	C:\WINDOWS\System32\RPCRT4.dll
0x00007ffbfd4b0000 - 0x00007ffbfd4b8000 	C:\WINDOWS\System32\PSAPI.DLL
0x00007ffbf3290000 - 0x00007ffbf3299000 	C:\WINDOWS\SYSTEM32\WSOCK32.dll
0x00007ffbfe660000 - 0x00007ffbfe6cb000 	C:\WINDOWS\System32\WS2_32.dll
0x00007ffbed040000 - 0x00007ffbed067000 	C:\WINDOWS\SYSTEM32\WINMM.dll
0x00007ffbf5cb0000 - 0x00007ffbf5cba000 	C:\WINDOWS\SYSTEM32\VERSION.dll
0x00007ffbfb340000 - 0x00007ffbfb352000 	C:\WINDOWS\SYSTEM32\kernel.appcore.dll
0x00007ffbf6f00000 - 0x00007ffbf6f10000 	C:\Program Files\Microsoft\jdk-11.0.12.7-hotspot\bin\verify.dll
0x00007ffbfa760000 - 0x00007ffbfa944000 	C:\WINDOWS\SYSTEM32\DBGHELP.DLL
0x00007ffbedf80000 - 0x00007ffbedfac000 	C:\WINDOWS\SYSTEM32\dbgcore.DLL
0x00007ffbfcf30000 - 0x00007ffbfcfb2000 	C:\WINDOWS\System32\bcryptPrimitives.dll
0x00007ffbc1de0000 - 0x00007ffbc1e08000 	C:\Program Files\Microsoft\jdk-11.0.12.7-hotspot\bin\java.dll
0x00007ffbf6c30000 - 0x00007ffbf6c3a000 	C:\Program Files\Microsoft\jdk-11.0.12.7-hotspot\bin\jimage.dll
0x00007ffbc1790000 - 0x00007ffbc17a7000 	C:\Program Files\Microsoft\jdk-11.0.12.7-hotspot\bin\zip.dll

dbghelp: loaded successfully - version: 4.0.5 - missing functions: none
symbol engine: initialized successfully - sym options: 0x614 - pdb path: .;C:\Program Files\Microsoft\jdk-11.0.12.7-hotspot\bin;C:\WINDOWS\SYSTEM32;C:\WINDOWS\WinSxS\amd64_microsoft.windows.common-controls_6595b64144ccf1df_6.0.19041.1110_none_60b5254171f9507e;C:\Program Files\Microsoft\jdk-11.0.12.7-hotspot\bin\server

VM Arguments:
java_command: <unknown>
java_class_path (initial): <not set>
Launcher Type: SUN_STANDARD

[Global flags]
     intx CICompilerCount                          = 4                                         {product} {ergonomic}
     uint ConcGCThreads                            = 2                                         {product} {ergonomic}
     uint G1ConcRefinementThreads                  = 8                                         {product} {ergonomic}
   size_t G1HeapRegionSize                         = 1048576                                   {product} {ergonomic}
    uintx GCDrainStackTargetSize                   = 64                                        {product} {ergonomic}
   size_t InitialHeapSize                          = 132120576                                 {product} {ergonomic}
   size_t MarkStackSize                            = 4194304                                   {product} {ergonomic}
   size_t MaxHeapSize                              = 2109734912                                {product} {ergonomic}
   size_t MinHeapDeltaBytes                        = 1048576                                   {product} {ergonomic}
    uintx NonNMethodCodeHeapSize                   = 5836300                                {pd product} {ergonomic}
    uintx NonProfiledCodeHeapSize                  = 122910970                              {pd product} {ergonomic}
    uintx ProfiledCodeHeapSize                     = 122910970                              {pd product} {ergonomic}
    uintx ReservedCodeCacheSize                    = 251658240                              {pd product} {ergonomic}
     bool SegmentedCodeCache                       = true                                      {product} {ergonomic}
     bool UseCompressedClassPointers               = true                                 {lp64_product} {ergonomic}
     bool UseCompressedOops                        = true                                 {lp64_product} {ergonomic}
     bool UseG1GC                                  = true                                      {product} {ergonomic}
     bool UseLargePagesIndividualAllocation        = false                                  {pd product} {ergonomic}

Logging:
Log output configuration:
 #0: stdout all=warning uptime,level,tags
 #1: stderr all=off uptime,level,tags

Environment Variables:
PATH=C:\Program Files\Microsoft\jdk-11.0.12.7-hotspot\bin;C:\Program Files (x86)\Common Files\Oracle\Java\javapath;C:\Windows\system32;C:\Windows;C:\Windows\System32\Wbem;C:\Windows\System32\WindowsPowerShell\v1.0\;C:\Windows\System32\OpenSSH\;C:\Program Files (x86)\NVIDIA Corporation\PhysX\Common;C:\Program Files\NVIDIA Corporation\NVIDIA NvDLISR;C:\Program Files\Java\jre1.8.0_261\bin;C:\apache-maven-3.6.3\bin;C:\spark-2.4.7-bin-hadoop2.7\bin;C:\hadoop\bin;C:\opt\spark\spark-2.1.0-bin-hadoop2.7\bin;C:\Program Files\dotnet\;C:\Users\ASUS\anaconda3;C:\Users\ASUS\anaconda3\Library\mingw-w64\bin;C:\Users\ASUS\anaconda3\Library\bin;C:\Users\ASUS\anaconda3\Scripts;C:\WINDOWS\system32;C:\WINDOWS;C:\WINDOWS\System32\Wbem;C:\WINDOWS\System32\WindowsPowerShell\v1.0\;C:\WINDOWS\System32\OpenSSH\;C:\Program Files (x86)\nodejs\;C:\Program Files\MATLAB\R2018a\runtime\win64;C:\Program Files\MATLAB\R2018a\bin;C:\Tesseract-OCR;C:\Program Files\Microsoft SQL Server\150\Tools\Binn\;C:\Program Files\Microsoft SQL Server\Client SDK\ODBC\170\Tools\Binn\;C:\Program Files (x86)\dotnet\;C:\Program Files\Git\cmd;C:\Users\ASUS\AppData\Local\Microsoft\WindowsApps;C:\Users\ASUS\AppData\Local\GitHubDesktop\bin;C:\Users\ASUS\AppData\Local\Programs\Microsoft VS Code\bin;C:\Users\ASUS\.dotnet\tools;C:\Program Files\Java\jre1.8.0_261;C:\GNUstep\GNUstep\System\Tools;C:\GNUstep\bin;C:\Users\ASUS\AppData\Roaming\npm;C:\wamp64\bin\php\php7.4.9;
USERNAME=ASUS
OS=Windows_NT
PROCESSOR_IDENTIFIER=Intel64 Family 6 Model 142 Stepping 12, GenuineIntel



---------------  S Y S T E M  ---------------

OS: Windows 10 , 64 bit Build 19041 (10.0.19041.1645)
OS uptime: 0 days 13:11 hours

CPU:total 8 (initial active 8) (4 cores per cpu, 2 threads per core) family 6 model 142 stepping 12 microcode 0xb8, cmov, cx8, fxsr, mmx, sse, sse2, sse3, ssse3, sse4.1, sse4.2, popcnt, avx, avx2, aes, clmul, erms, 3dnowpref, lzcnt, ht, tsc, tscinvbit, bmi1, bmi2, adx, fma

Memory: 4k page, system-wide physical 8043M (180M free)
TotalPageFile size 20006M (AvailPageFile size 44M)
current process WorkingSet (physical memory assigned to process): 9M, peak: 9M
current process commit charge ("private bytes"): 60M, peak: 186M

vm_info: OpenJDK 64-Bit Server VM (11.0.12+7) for windows-amd64 JRE (11.0.12+7), built on Jul 21 2021 15:41:43 by "" with unknown MS VC++:1916

END.
